2021-06-16T05:00:54.150775:hua:login:OK
2021-06-16T05:01:24.520514:aemon:login:OK
2021-06-16T05:01:54.821646:John:login:OK
2021-06-16T05:02:09.377845:alice:login:OK
2021-06-16T05:02:26.739693:hua:get_messages:OK
2021-06-16T05:02:29.799474:John:get_messages:OK
2021-06-16T05:02:31.991315:aemon:get_messages:OK
2021-06-16T05:02:35.339825:alice:get_messages:OK
2021-06-16T05:03:04.612967:hua:send_messages:OK
2021-06-16T05:03:27.161839:aemon:send_messages:OK
2021-06-16T05:03:59.713338:John:send_messages:OK
2021-06-16T05:04:49.972581:alice:send_messages:OK
2021-06-16T05:05:07.037142:hua:get_messages:OK
2021-06-16T05:05:10.422271:aemon:get_messages:OK
2021-06-16T05:05:12.922504:John:get_messages:OK
2021-06-16T05:05:15.564065:alice:get_messages:OK
2021-06-16T05:05:19.977703:hua:get_messages:OK
2021-06-16T05:05:22.662816:John:get_messages:OK
2021-06-16T05:05:24.513133:aemon:get_messages:OK
2021-06-16T05:05:27.063122:alice:get_messages:OK
2021-06-16T05:05:34.967164:hua:logout:OK
2021-06-16T05:05:40.465757:John:logout:OK
2021-06-16T05:05:44.413507:aemon:logout:OK
2021-06-16T05:05:48.172616:alice:logout:OK
